# JRE version: OpenJDK Runtime Environment Temurin-21.0.10+7 (21.0.10+7) (build 21.0.10+7-LTS)
# Java VM: OpenJDK 64-Bit Server VM Temurin-21.0.10+7 (21.0.10+7-LTS, mixed mode, sharing, tiered, compressed oops, compressed class ptrs, parallel gc, windows-amd64)
GC Precious Log:
 CardTable entry size: 512
 CPUs: 8 total, 8 available
 Memory: 16151M
 Large Page Support: Disabled
 NUMA Support: Disabled
 Compressed Oops: Enabled (32-bit)
 Alignments: Space 512K, Generation 512K, Heap 2M
 Heap Min Capacity: 100M
 Heap Initial Capacity: 100M
 Heap Max Capacity: 2G
 Pre-touch: Disabled
 Parallel Workers: 8
Heap:
 PSYoungGen      total 23552K, used 15146K [0x00000000d5580000, 0x00000000d6f00000, 0x0000000100000000)
  eden space 22016K, 63% used [0x00000000d5580000,0x00000000d6322800,0x00000000d6b00000)
  from space 1536K, 77% used [0x00000000d6c00000,0x00000000d6d28000,0x00000000d6d80000)
  to   space 1536K, 0% used [0x00000000d6d80000,0x00000000d6d80000,0x00000000d6f00000)
 ParOldGen       total 68608K, used 43844K [0x0000000080000000, 0x0000000084300000, 0x00000000d5580000)
  object space 68608K, 63% used [0x0000000080000000,0x0000000082ad1058,0x0000000084300000)
 Metaspace       used 56201K, committed 57472K, reserved 1114112K
  class space    used 6154K, committed 6720K, reserved 1048576K
GC Heap History (20 events):
Event: 16.231 GC heap before
{Heap before GC invocations=22 (full 2):
 PSYoungGen      total 23552K, used 23539K [0x00000000d5580000, 0x00000000d7800000, 0x0000000100000000)
  eden space 22016K, 100% used [0x00000000d5580000,0x00000000d6b00000,0x00000000d6b00000)
  from space 1536K, 99% used [0x00000000d6e00000,0x00000000d6f7cc58,0x00000000d6f80000)
  to   space 6656K, 0% used [0x00000000d7180000,0x00000000d7180000,0x00000000d7800000)
 ParOldGen       total 68608K, used 25597K [0x0000000080000000, 0x0000000084300000, 0x00000000d5580000)
  object space 68608K, 37% used [0x0000000080000000,0x00000000818ff490,0x0000000084300000)
 Metaspace       used 45264K, committed 46400K, reserved 1114112K
  class space    used 4938K, committed 5440K, reserved 1048576K
}
Event: 16.234 GC heap after
{Heap after GC invocations=22 (full 2):
 PSYoungGen      total 26624K, used 4160K [0x00000000d5580000, 0x00000000d7600000, 0x0000000100000000)
  eden space 22016K, 0% used [0x00000000d5580000,0x00000000d5580000,0x00000000d6b00000)
  from space 4608K, 90% used [0x00000000d7180000,0x00000000d7590028,0x00000000d7600000)
  to   space 5120K, 0% used [0x00000000d6c00000,0x00000000d6c00000,0x00000000d7100000)
 ParOldGen       total 68608K, used 26829K [0x0000000080000000, 0x0000000084300000, 0x00000000d5580000)
  object space 68608K, 39% used [0x0000000080000000,0x0000000081a33578,0x0000000084300000)
 Metaspace       used 45264K, committed 46400K, reserved 1114112K
  class space    used 4938K, committed 5440K, reserved 1048576K
}
Event: 16.686 GC heap before
{Heap before GC invocations=23 (full 2):
 PSYoungGen      total 26624K, used 26176K [0x00000000d5580000, 0x00000000d7600000, 0x0000000100000000)
  eden space 22016K, 100% used [0x00000000d5580000,0x00000000d6b00000,0x00000000d6b00000)
  from space 4608K, 90% used [0x00000000d7180000,0x00000000d7590028,0x00000000d7600000)
  to   space 5120K, 0% used [0x00000000d6c00000,0x00000000d6c00000,0x00000000d7100000)
 ParOldGen       total 68608K, used 26829K [0x0000000080000000, 0x0000000084300000, 0x00000000d5580000)
  object space 68608K, 39% used [0x0000000080000000,0x0000000081a33578,0x0000000084300000)
 Metaspace       used 45803K, committed 46848K, reserved 1114112K
  class space    used 4992K, committed 5440K, reserved 1048576K
}
Event: 16.690 GC heap after
{Heap after GC invocations=23 (full 2):
 PSYoungGen      total 22528K, used 480K [0x00000000d5580000, 0x00000000d7200000, 0x0000000100000000)
  eden space 22016K, 0% used [0x00000000d5580000,0x00000000d5580000,0x00000000d6b00000)
  from space 512K, 93% used [0x00000000d6c00000,0x00000000d6c78000,0x00000000d6c80000)
  to   space 2048K, 0% used [0x00000000d7000000,0x00000000d7000000,0x00000000d7200000)
 ParOldGen       total 68608K, used 30852K [0x0000000080000000, 0x0000000084300000, 0x00000000d5580000)
  object space 68608K, 44% used [0x0000000080000000,0x0000000081e21118,0x0000000084300000)
 Metaspace       used 45803K, committed 46848K, reserved 1114112K
  class space    used 4992K, committed 5440K, reserved 1048576K
}
Event: 17.207 GC heap before
{Heap before GC invocations=24 (full 2):
 PSYoungGen      total 22528K, used 22496K [0x00000000d5580000, 0x00000000d7200000, 0x0000000100000000)
  eden space 22016K, 100% used [0x00000000d5580000,0x00000000d6b00000,0x00000000d6b00000)
  from space 512K, 93% used [0x00000000d6c00000,0x00000000d6c78000,0x00000000d6c80000)
  to   space 2048K, 0% used [0x00000000d7000000,0x00000000d7000000,0x00000000d7200000)
 ParOldGen       total 68608K, used 30852K [0x0000000080000000, 0x0000000084300000, 0x00000000d5580000)
  object space 68608K, 44% used [0x0000000080000000,0x0000000081e21118,0x0000000084300000)
 Metaspace       used 48677K, committed 49792K, reserved 1114112K
  class space    used 5302K, committed 5760K, reserved 1048576K
}
Event: 17.212 GC heap after
{Heap after GC invocations=24 (full 2):
 PSYoungGen      total 24064K, used 2021K [0x00000000d5580000, 0x00000000d7500000, 0x0000000100000000)
  eden space 22016K, 0% used [0x00000000d5580000,0x00000000d5580000,0x00000000d6b00000)
  from space 2048K, 98% used [0x00000000d7000000,0x00000000d71f9618,0x00000000d7200000)
  to   space 5120K, 0% used [0x00000000d6b00000,0x00000000d6b00000,0x00000000d7000000)
 ParOldGen       total 68608K, used 33006K [0x0000000080000000, 0x0000000084300000, 0x00000000d5580000)
  object space 68608K, 48% used [0x0000000080000000,0x000000008203bab8,0x0000000084300000)
 Metaspace       used 48677K, committed 49792K, reserved 1114112K
  class space    used 5302K, committed 5760K, reserved 1048576K
}
Event: 19.331 GC heap before
{Heap before GC invocations=25 (full 2):
 PSYoungGen      total 24064K, used 24037K [0x00000000d5580000, 0x00000000d7500000, 0x0000000100000000)
  eden space 22016K, 100% used [0x00000000d5580000,0x00000000d6b00000,0x00000000d6b00000)
  from space 2048K, 98% used [0x00000000d7000000,0x00000000d71f9618,0x00000000d7200000)
  to   space 5120K, 0% used [0x00000000d6b00000,0x00000000d6b00000,0x00000000d7000000)
 ParOldGen       total 68608K, used 33006K [0x0000000080000000, 0x0000000084300000, 0x00000000d5580000)
  object space 68608K, 48% used [0x0000000080000000,0x000000008203bab8,0x0000000084300000)
 Metaspace       used 51461K, committed 52672K, reserved 1114112K
  class space    used 5670K, committed 6208K, reserved 1048576K
}
Event: 19.333 GC heap after
{Heap after GC invocations=25 (full 2):
 PSYoungGen      total 25088K, used 2893K [0x00000000d5580000, 0x00000000d7200000, 0x0000000100000000)
  eden space 22016K, 0% used [0x00000000d5580000,0x00000000d5580000,0x00000000d6b00000)
  from space 3072K, 94% used [0x00000000d6b00000,0x00000000d6dd3520,0x00000000d6e00000)
  to   space 3584K, 0% used [0x00000000d6e80000,0x00000000d6e80000,0x00000000d7200000)
 ParOldGen       total 68608K, used 34774K [0x0000000080000000, 0x0000000084300000, 0x00000000d5580000)
  object space 68608K, 50% used [0x0000000080000000,0x00000000821f5b38,0x0000000084300000)
 Metaspace       used 51461K, committed 52672K, reserved 1114112K
  class space    used 5670K, committed 6208K, reserved 1048576K
}
Event: 23.138 GC heap before
{Heap before GC invocations=26 (full 2):
 PSYoungGen      total 25088K, used 24909K [0x00000000d5580000, 0x00000000d7200000, 0x0000000100000000)
  eden space 22016K, 100% used [0x00000000d5580000,0x00000000d6b00000,0x00000000d6b00000)
  from space 3072K, 94% used [0x00000000d6b00000,0x00000000d6dd3520,0x00000000d6e00000)
  to   space 3584K, 0% used [0x00000000d6e80000,0x00000000d6e80000,0x00000000d7200000)
 ParOldGen       total 68608K, used 34774K [0x0000000080000000, 0x0000000084300000, 0x00000000d5580000)
  object space 68608K, 50% used [0x0000000080000000,0x00000000821f5b38,0x0000000084300000)
 Metaspace       used 54110K, committed 55232K, reserved 1114112K
  class space    used 6012K, committed 6464K, reserved 1048576K
}
Event: 23.141 GC heap after
{Heap after GC invocations=26 (full 2):
 PSYoungGen      total 24064K, used 1690K [0x00000000d5580000, 0x00000000d7080000, 0x0000000100000000)
  eden space 22016K, 0% used [0x00000000d5580000,0x00000000d5580000,0x00000000d6b00000)
  from space 2048K, 82% used [0x00000000d6e80000,0x00000000d7026b38,0x00000000d7080000)
  to   space 2560K, 0% used [0x00000000d6b80000,0x00000000d6b80000,0x00000000d6e00000)
 ParOldGen       total 68608K, used 37532K [0x0000000080000000, 0x0000000084300000, 0x00000000d5580000)
  object space 68608K, 54% used [0x0000000080000000,0x00000000824a7088,0x0000000084300000)
 Metaspace       used 54110K, committed 55232K, reserved 1114112K
  class space    used 6012K, committed 6464K, reserved 1048576K
}
Event: 28.478 GC heap before
{Heap before GC invocations=27 (full 2):
 PSYoungGen      total 24064K, used 23706K [0x00000000d5580000, 0x00000000d7080000, 0x0000000100000000)
  eden space 22016K, 100% used [0x00000000d5580000,0x00000000d6b00000,0x00000000d6b00000)
  from space 2048K, 82% used [0x00000000d6e80000,0x00000000d7026b38,0x00000000d7080000)
  to   space 2560K, 0% used [0x00000000d6b80000,0x00000000d6b80000,0x00000000d6e00000)
 ParOldGen       total 68608K, used 37532K [0x0000000080000000, 0x0000000084300000, 0x00000000d5580000)
  object space 68608K, 54% used [0x0000000080000000,0x00000000824a7088,0x0000000084300000)
 Metaspace       used 54552K, committed 55616K, reserved 1114112K
  class space    used 6021K, committed 6464K, reserved 1048576K
}
Event: 28.482 GC heap after
{Heap after GC invocations=27 (full 2):
 PSYoungGen      total 23552K, used 1184K [0x00000000d5580000, 0x00000000d6f00000, 0x0000000100000000)
  eden space 22016K, 0% used [0x00000000d5580000,0x00000000d5580000,0x00000000d6b00000)
  from space 1536K, 77% used [0x00000000d6b80000,0x00000000d6ca8000,0x00000000d6d00000)
  to   space 1536K, 0% used [0x00000000d6d80000,0x00000000d6d80000,0x00000000d6f00000)
 ParOldGen       total 68608K, used 39099K [0x0000000080000000, 0x0000000084300000, 0x00000000d5580000)
  object space 68608K, 56% used [0x0000000080000000,0x000000008262ec00,0x0000000084300000)
 Metaspace       used 54552K, committed 55616K, reserved 1114112K
  class space    used 6021K, committed 6464K, reserved 1048576K
}
Event: 34.293 GC heap before
{Heap before GC invocations=28 (full 2):
 PSYoungGen      total 23552K, used 23200K [0x00000000d5580000, 0x00000000d6f00000, 0x0000000100000000)
  eden space 22016K, 100% used [0x00000000d5580000,0x00000000d6b00000,0x00000000d6b00000)
  from space 1536K, 77% used [0x00000000d6b80000,0x00000000d6ca8000,0x00000000d6d00000)
  to   space 1536K, 0% used [0x00000000d6d80000,0x00000000d6d80000,0x00000000d6f00000)
 ParOldGen       total 68608K, used 39099K [0x0000000080000000, 0x0000000084300000, 0x00000000d5580000)
  object space 68608K, 56% used [0x0000000080000000,0x000000008262ec00,0x0000000084300000)
 Metaspace       used 54876K, committed 56128K, reserved 1114112K
  class space    used 6023K, committed 6592K, reserved 1048576K
}
Event: 34.296 GC heap after
{Heap after GC invocations=28 (full 2):
 PSYoungGen      total 23040K, used 1008K [0x00000000d5580000, 0x00000000d6e80000, 0x0000000100000000)
  eden space 22016K, 0% used [0x00000000d5580000,0x00000000d5580000,0x00000000d6b00000)
  from space 1024K, 98% used [0x00000000d6d80000,0x00000000d6e7c030,0x00000000d6e80000)
  to   space 1536K, 0% used [0x00000000d6b80000,0x00000000d6b80000,0x00000000d6d00000)
 ParOldGen       total 68608K, used 40091K [0x0000000080000000, 0x0000000084300000, 0x00000000d5580000)
  object space 68608K, 58% used [0x0000000080000000,0x0000000082726c00,0x0000000084300000)
 Metaspace       used 54876K, committed 56128K, reserved 1114112K
  class space    used 6023K, committed 6592K, reserved 1048576K
}
Event: 34.560 GC heap before
{Heap before GC invocations=29 (full 2):
 PSYoungGen      total 23040K, used 23024K [0x00000000d5580000, 0x00000000d6e80000, 0x0000000100000000)
  eden space 22016K, 100% used [0x00000000d5580000,0x00000000d6b00000,0x00000000d6b00000)
  from space 1024K, 98% used [0x00000000d6d80000,0x00000000d6e7c030,0x00000000d6e80000)
  to   space 1536K, 0% used [0x00000000d6b80000,0x00000000d6b80000,0x00000000d6d00000)
 ParOldGen       total 68608K, used 40091K [0x0000000080000000, 0x0000000084300000, 0x00000000d5580000)
  object space 68608K, 58% used [0x0000000080000000,0x0000000082726c00,0x0000000084300000)
 Metaspace       used 55057K, committed 56256K, reserved 1114112K
  class space    used 6023K, committed 6592K, reserved 1048576K
}
Event: 34.563 GC heap after
{Heap after GC invocations=29 (full 2):
 PSYoungGen      total 23552K, used 1536K [0x00000000d5580000, 0x00000000d7200000, 0x0000000100000000)
  eden space 22016K, 0% used [0x00000000d5580000,0x00000000d5580000,0x00000000d6b00000)
  from space 1536K, 100% used [0x00000000d6b80000,0x00000000d6d00000,0x00000000d6d00000)
  to   space 3584K, 0% used [0x00000000d6e80000,0x00000000d6e80000,0x00000000d7200000)
 ParOldGen       total 68608K, used 41353K [0x0000000080000000, 0x0000000084300000, 0x00000000d5580000)
  object space 68608K, 60% used [0x0000000080000000,0x0000000082862438,0x0000000084300000)
 Metaspace       used 55057K, committed 56256K, reserved 1114112K
  class space    used 6023K, committed 6592K, reserved 1048576K
}
Event: 36.720 GC heap before
{Heap before GC invocations=30 (full 2):
 PSYoungGen      total 23552K, used 23552K [0x00000000d5580000, 0x00000000d7200000, 0x0000000100000000)
  eden space 22016K, 100% used [0x00000000d5580000,0x00000000d6b00000,0x00000000d6b00000)
  from space 1536K, 100% used [0x00000000d6b80000,0x00000000d6d00000,0x00000000d6d00000)
  to   space 3584K, 0% used [0x00000000d6e80000,0x00000000d6e80000,0x00000000d7200000)
 ParOldGen       total 68608K, used 41353K [0x0000000080000000, 0x0000000084300000, 0x00000000d5580000)
  object space 68608K, 60% used [0x0000000080000000,0x0000000082862438,0x0000000084300000)
 Metaspace       used 55657K, committed 56896K, reserved 1114112K
  class space    used 6093K, committed 6656K, reserved 1048576K
}
Event: 36.722 GC heap after
{Heap after GC invocations=30 (full 2):
 PSYoungGen      total 23552K, used 1152K [0x00000000d5580000, 0x00000000d7000000, 0x0000000100000000)
  eden space 22016K, 0% used [0x00000000d5580000,0x00000000d5580000,0x00000000d6b00000)
  from space 1536K, 75% used [0x00000000d6e80000,0x00000000d6fa0010,0x00000000d7000000)
  to   space 2048K, 0% used [0x00000000d6c00000,0x00000000d6c00000,0x00000000d6e00000)
 ParOldGen       total 68608K, used 42808K [0x0000000080000000, 0x0000000084300000, 0x00000000d5580000)
  object space 68608K, 62% used [0x0000000080000000,0x00000000829ce210,0x0000000084300000)
 Metaspace       used 55657K, committed 56896K, reserved 1114112K
  class space    used 6093K, committed 6656K, reserved 1048576K
}
Event: 38.322 GC heap before
{Heap before GC invocations=31 (full 2):
 PSYoungGen      total 23552K, used 23168K [0x00000000d5580000, 0x00000000d7000000, 0x0000000100000000)
  eden space 22016K, 100% used [0x00000000d5580000,0x00000000d6b00000,0x00000000d6b00000)
  from space 1536K, 75% used [0x00000000d6e80000,0x00000000d6fa0010,0x00000000d7000000)
  to   space 2048K, 0% used [0x00000000d6c00000,0x00000000d6c00000,0x00000000d6e00000)
 ParOldGen       total 68608K, used 42808K [0x0000000080000000, 0x0000000084300000, 0x00000000d5580000)
  object space 68608K, 62% used [0x0000000080000000,0x00000000829ce210,0x0000000084300000)
 Metaspace       used 56026K, committed 57216K, reserved 1114112K
  class space    used 6142K, committed 6656K, reserved 1048576K
}
Event: 38.325 GC heap after
{Heap after GC invocations=31 (full 2):
 PSYoungGen      total 23552K, used 1184K [0x00000000d5580000, 0x00000000d6f00000, 0x0000000100000000)
  eden space 22016K, 0% used [0x00000000d5580000,0x00000000d5580000,0x00000000d6b00000)
  from space 1536K, 77% used [0x00000000d6c00000,0x00000000d6d28000,0x00000000d6d80000)
  to   space 1536K, 0% used [0x00000000d6d80000,0x00000000d6d80000,0x00000000d6f00000)
 ParOldGen       total 68608K, used 43844K [0x0000000080000000, 0x0000000084300000, 0x00000000d5580000)
  object space 68608K, 63% used [0x0000000080000000,0x0000000082ad1058,0x0000000084300000)
 Metaspace       used 56026K, committed 57216K, reserved 1114112K
  class space    used 6142K, committed 6656K, reserved 1048576K
}

